<?xml version="1.0" encoding="UTF-8"?>
<Site BuildName="(empty)"
	BuildStamp="20240106-1304-Experimental"
	Name="(empty)"
	Generator="ctest-3.20.0"
	CompilerName=""
	CompilerVersion=""
	OSName="Linux"
	Hostname="LAPTOP-JB3BDSRN"
	OSRelease="5.15.133.1-microsoft-standard-WSL2"
	OSVersion="#1 SMP Thu Oct 5 21:02:42 UTC 2023"
	OSPlatform="x86_64"
	Is64Bits="1"
	VendorString="AuthenticAMD"
	VendorID="Advanced Micro Devices"
	FamilyID="25"
	ModelID="68"
	ProcessorCacheSize="512"
	NumberOfLogicalCPU="16"
	NumberOfPhysicalCPU="8"
	TotalVirtualMemory="6144"
	TotalPhysicalMemory="11964"
	LogicalProcessorsPerPhysical="2"
	ProcessorClockFrequency="3193.92"
	>
	<Testing>
		<StartDateTime>Jan 06 21:04 CST</StartDateTime>
		<StartTestTime>1704546269</StartTestTime>
		<TestList/>
		<EndDateTime>Jan 06 21:04 CST</EndDateTime>
		<EndTestTime>1704546269</EndTestTime>
		<ElapsedMinutes>0</ElapsedMinutes>
	</Testing>
</Site>
